This is pdfTeX, Version 3.1415926-2.4-1.40.13 (TeX Live 2012/Arch Linux) (format=pdflatex 2012.10.20)  28 NOV 2012 18:35
entering extended mode
 restricted \write18 enabled.
 %&-line parsing enabled.
**synmut.tex
(./synmut.tex
LaTeX2e <2011/06/27>
Babel <v3.8m> and hyphenation patterns for english, dumylang, nohyphenation, ge
rman-x-2012-05-30, ngerman-x-2012-05-30, afrikaans, ancientgreek, ibycus, arabi
c, armenian, basque, bulgarian, catalan, pinyin, coptic, croatian, czech, danis
h, dutch, ukenglish, usenglishmax, esperanto, estonian, ethiopic, farsi, finnis
h, french, friulan, galician, german, ngerman, swissgerman, monogreek, greek, h
ungarian, icelandic, assamese, bengali, gujarati, hindi, kannada, malayalam, ma
rathi, oriya, panjabi, tamil, telugu, indonesian, interlingua, irish, italian, 
kurmanji, latin, latvian, lithuanian, mongolian, mongolianlmc, bokmal, nynorsk,
 polish, portuguese, romanian, romansh, russian, sanskrit, serbian, serbianc, s
lovak, slovenian, spanish, swedish, turkish, turkmen, ukrainian, uppersorbian, 
welsh, loaded.
(/usr/share/texmf-dist/tex/latex/base/article.cls
Document Class: article 2007/10/19 v1.4h Standard LaTeX document class
(/usr/share/texmf-dist/tex/latex/base/size12.clo
File: size12.clo 2007/10/19 v1.4h Standard LaTeX file (size option)
)
\c@part=\count79
\c@section=\count80
\c@subsection=\count81
\c@subsubsection=\count82
\c@paragraph=\count83
\c@subparagraph=\count84
\c@figure=\count85
\c@table=\count86
\abovecaptionskip=\skip41
\belowcaptionskip=\skip42
\bibindent=\dimen102
) (/usr/share/texmf-dist/tex/generic/babel/babel.sty
Package: babel 2008/07/08 v3.8m The Babel package
(/usr/share/texmf-dist/tex/generic/babel/english.ldf
Language: english 2005/03/30 v3.3o English support from the babel system
(/usr/share/texmf-dist/tex/generic/babel/babel.def
File: babel.def 2008/07/08 v3.8m Babel common definitions
\babel@savecnt=\count87
\U@D=\dimen103
)
\l@canadian = a dialect from \language\l@american 
\l@australian = a dialect from \language\l@british 
\l@newzealand = a dialect from \language\l@british 
)) (/usr/share/texmf-dist/tex/latex/base/inputenc.sty
Package: inputenc 2008/03/30 v1.1d Input encoding file
\inpenc@prehook=\toks14
\inpenc@posthook=\toks15
(/usr/share/texmf-dist/tex/latex/ucs/utf8x.def
File: utf8x.def 2004/10/17 UCS: Input encoding UTF-8
)) (/usr/share/texmf-dist/tex/latex/ucs/ucs.sty
Package: ucs 2004/10/17 UCS: Unicode input support
(/usr/share/texmf-dist/tex/latex/ucs/data/uni-global.def
File: uni-global.def 2012/04/20 UCS: Unicode global data
)
\uc@secondtry=\count88
\uc@combtoks=\toks16
\uc@combtoksb=\toks17
\uc@temptokena=\toks18
) (/usr/share/texmf-dist/tex/latex/amsmath/amsmath.sty
Package: amsmath 2000/07/18 v2.13 AMS math features
\@mathmargin=\skip43
For additional information on amsmath, use the `?' option.
(/usr/share/texmf-dist/tex/latex/amsmath/amstext.sty
Package: amstext 2000/06/29 v2.01
(/usr/share/texmf-dist/tex/latex/amsmath/amsgen.sty
File: amsgen.sty 1999/11/30 v2.0
\@emptytoks=\toks19
\ex@=\dimen104
)) (/usr/share/texmf-dist/tex/latex/amsmath/amsbsy.sty
Package: amsbsy 1999/11/29 v1.2d
\pmbraise@=\dimen105
) (/usr/share/texmf-dist/tex/latex/amsmath/amsopn.sty
Package: amsopn 1999/12/14 v2.01 operator names
)
\inf@bad=\count89
LaTeX Info: Redefining \frac on input line 211.
\uproot@=\count90
\leftroot@=\count91
LaTeX Info: Redefining \overline on input line 307.
\classnum@=\count92
\DOTSCASE@=\count93
LaTeX Info: Redefining \ldots on input line 379.
LaTeX Info: Redefining \dots on input line 382.
LaTeX Info: Redefining \cdots on input line 467.
\Mathstrutbox@=\box26
\strutbox@=\box27
\big@size=\dimen106
LaTeX Font Info:    Redeclaring font encoding OML on input line 567.
LaTeX Font Info:    Redeclaring font encoding OMS on input line 568.
\macc@depth=\count94
\c@MaxMatrixCols=\count95
\dotsspace@=\muskip10
\c@parentequation=\count96
\dspbrk@lvl=\count97
\tag@help=\toks20
\row@=\count98
\column@=\count99
\maxfields@=\count100
\andhelp@=\toks21
\eqnshift@=\dimen107
\alignsep@=\dimen108
\tagshift@=\dimen109
\tagwidth@=\dimen110
\totwidth@=\dimen111
\lineht@=\dimen112
\@envbody=\toks22
\multlinegap=\skip44
\multlinetaggap=\skip45
\mathdisplay@stack=\toks23
LaTeX Info: Redefining \[ on input line 2666.
LaTeX Info: Redefining \] on input line 2667.
) (/usr/share/texmf-dist/tex/latex/amsfonts/amsfonts.sty
Package: amsfonts 2009/06/22 v3.00 Basic AMSFonts support
\symAMSa=\mathgroup4
\symAMSb=\mathgroup5
LaTeX Font Info:    Overwriting math alphabet `\mathfrak' in version `bold'
(Font)                  U/euf/m/n --> U/euf/b/n on input line 96.
) (/usr/share/texmf-dist/tex/latex/amsfonts/amssymb.sty
Package: amssymb 2009/06/22 v3.00
) (/usr/share/texmf-dist/tex/latex/amsfonts/eucal.sty
Package: eucal 2009/06/22 v3.00 Euler Script fonts
LaTeX Font Info:    Overwriting math alphabet `\EuScript' in version `bold'
(Font)                  U/eus/m/n --> U/eus/b/n on input line 33.
) (/usr/share/texmf-dist/tex/latex/eurosym/eurosym.sty
Package: eurosym 1998/08/06 v1.1 European currency symbol ``Euro''
\@eurobox=\box28
) (/usr/share/texmf-dist/tex/latex/graphics/color.sty
Package: color 2005/11/14 v1.0j Standard LaTeX Color (DPC)
(/usr/share/texmf-dist/tex/latex/latexconfig/color.cfg
File: color.cfg 2007/01/18 v1.5 color configuration of teTeX/TeXLive
)
Package color Info: Driver file: pdftex.def on input line 130.
(/usr/share/texmf-dist/tex/latex/pdftex-def/pdftex.def
File: pdftex.def 2011/05/27 v0.06d Graphics/color for pdfTeX
(/usr/share/texmf-dist/tex/generic/oberdiek/infwarerr.sty
Package: infwarerr 2010/04/08 v1.3 Providing info/warning/error messages (HO)
) (/usr/share/texmf-dist/tex/generic/oberdiek/ltxcmds.sty
Package: ltxcmds 2011/11/09 v1.22 LaTeX kernel commands for general use (HO)
)
\Gread@gobject=\count101
)) (/usr/share/texmf-dist/tex/latex/subfig/subfig.sty
Package: subfig 2005/06/28 ver: 1.3 subfig package
(/usr/share/texmf-dist/tex/latex/graphics/keyval.sty
Package: keyval 1999/03/16 v1.13 key=value parser (DPC)
\KV@toks@=\toks24
) (/usr/share/texmf-dist/tex/latex/caption/caption.sty
Package: caption 2012/02/19 v3.2f Customizing captions (AR)
(/usr/share/texmf-dist/tex/latex/caption/caption3.sty
Package: caption3 2012/01/12 v1.4b caption3 kernel (AR)
\captionmargin=\dimen113
\captionmargin@=\dimen114
\captionwidth=\dimen115
\caption@indent=\dimen116
\caption@parindent=\dimen117
\caption@hangindent=\dimen118
)
\c@ContinuedFloat=\count102
)
\c@KVtest=\count103
\sf@farskip=\skip46
\sf@captopadj=\dimen119
\sf@capskip=\skip47
\sf@nearskip=\skip48
\c@subfigure=\count104
\c@subfigure@save=\count105
\c@lofdepth=\count106
\c@subtable=\count107
\c@subtable@save=\count108
\c@lotdepth=\count109
\sf@top=\skip49
\sf@bottom=\skip50
) (/usr/share/texmf-dist/tex/latex/graphics/graphicx.sty
Package: graphicx 1999/02/16 v1.0f Enhanced LaTeX Graphics (DPC,SPQR)
(/usr/share/texmf-dist/tex/latex/graphics/graphics.sty
Package: graphics 2009/02/05 v1.0o Standard LaTeX Graphics (DPC,SPQR)
(/usr/share/texmf-dist/tex/latex/graphics/trig.sty
Package: trig 1999/03/16 v1.09 sin cos tan (DPC)
) (/usr/share/texmf-dist/tex/latex/latexconfig/graphics.cfg
File: graphics.cfg 2010/04/23 v1.9 graphics configuration of TeX Live
)
Package graphics Info: Driver file: pdftex.def on input line 91.
)
\Gin@req@height=\dimen120
\Gin@req@width=\dimen121
)
Package caption Info: We need package `newfloat' on input line 17.
(/usr/share/texmf-dist/tex/latex/caption/newfloat.sty
Package: newfloat 2011/11/16 v1.0a Defining new floating environments (AR)
) (./natbib.sty
Package: natbib 2000/07/24 7.0a (PWD)
\bibhang=\skip51
\bibsep=\skip52
LaTeX Info: Redefining \cite on input line 508.
\c@NAT@ctr=\count110
) (/usr/share/texmf-dist/tex/latex/pslatex/pslatex.sty
Package: pslatex 1996/07/24 v1.2 pslatex emulation (DPC)
LaTeX Font Info:    Redeclaring symbol font `operators' on input line 65.
LaTeX Font Info:    Overwriting symbol font `operators' in version `normal'
(Font)                  OT1/cmr/m/n --> OT1/ptmcm/m/n on input line 65.
LaTeX Font Info:    Overwriting symbol font `operators' in version `bold'
(Font)                  OT1/cmr/bx/n --> OT1/ptmcm/m/n on input line 65.
LaTeX Font Info:    Redeclaring symbol font `letters' on input line 66.
LaTeX Font Info:    Overwriting symbol font `letters' in version `normal'
(Font)                  OML/cmm/m/it --> OML/ptmcm/m/it on input line 66.
LaTeX Font Info:    Overwriting symbol font `letters' in version `bold'
(Font)                  OML/cmm/b/it --> OML/ptmcm/m/it on input line 66.
LaTeX Font Info:    Redeclaring symbol font `symbols' on input line 67.
LaTeX Font Info:    Overwriting symbol font `symbols' in version `normal'
(Font)                  OMS/cmsy/m/n --> OMS/pzccm/m/n on input line 67.
LaTeX Font Info:    Overwriting symbol font `symbols' in version `bold'
(Font)                  OMS/cmsy/b/n --> OMS/pzccm/m/n on input line 67.
LaTeX Font Info:    Redeclaring symbol font `largesymbols' on input line 68.
LaTeX Font Info:    Overwriting symbol font `largesymbols' in version `normal'
(Font)                  OMX/cmex/m/n --> OMX/psycm/m/n on input line 68.
LaTeX Font Info:    Overwriting symbol font `largesymbols' in version `bold'
(Font)                  OMX/cmex/m/n --> OMX/psycm/m/n on input line 68.
\symbold=\mathgroup6
\symitalic=\mathgroup7
LaTeX Font Info:    Redeclaring math alphabet \mathbf on input line 74.
LaTeX Font Info:    Overwriting math alphabet `\mathbf' in version `normal'
(Font)                  OT1/cmr/bx/n --> OT1/ptm/bx/n on input line 74.
LaTeX Font Info:    Overwriting math alphabet `\mathbf' in version `bold'
(Font)                  OT1/cmr/bx/n --> OT1/ptm/bx/n on input line 74.
LaTeX Font Info:    Redeclaring math alphabet \mathit on input line 75.
LaTeX Font Info:    Overwriting math alphabet `\mathit' in version `normal'
(Font)                  OT1/cmr/m/it --> OT1/ptm/m/it on input line 75.
LaTeX Font Info:    Overwriting math alphabet `\mathit' in version `bold'
(Font)                  OT1/cmr/bx/it --> OT1/ptm/m/it on input line 75.
) (/usr/share/texmf-dist/tex/latex/hyperref/hyperref.sty
Package: hyperref 2012/05/13 v6.82q Hypertext links for LaTeX
(/usr/share/texmf-dist/tex/generic/oberdiek/hobsub-hyperref.sty
Package: hobsub-hyperref 2012/05/28 v1.13 Bundle oberdiek, subset hyperref (HO)

(/usr/share/texmf-dist/tex/generic/oberdiek/hobsub-generic.sty
Package: hobsub-generic 2012/05/28 v1.13 Bundle oberdiek, subset generic (HO)
Package: hobsub 2012/05/28 v1.13 Construct package bundles (HO)
Package hobsub Info: Skipping package `infwarerr' (already loaded).
Package hobsub Info: Skipping package `ltxcmds' (already loaded).
Package: ifluatex 2010/03/01 v1.3 Provides the ifluatex switch (HO)
Package ifluatex Info: LuaTeX not detected.
Package: ifvtex 2010/03/01 v1.5 Detect VTeX and its facilities (HO)
Package ifvtex Info: VTeX not detected.
Package: intcalc 2007/09/27 v1.1 Expandable calculations with integers (HO)
Package: ifpdf 2011/01/30 v2.3 Provides the ifpdf switch (HO)
Package ifpdf Info: pdfTeX in PDF mode is detected.
Package: etexcmds 2011/02/16 v1.5 Avoid name clashes with e-TeX commands (HO)
Package etexcmds Info: Could not find \expanded.
(etexcmds)             That can mean that you are not using pdfTeX 1.50 or
(etexcmds)             that some package has redefined \expanded.
(etexcmds)             In the latter case, load this package earlier.
Package: kvsetkeys 2012/04/25 v1.16 Key value parser (HO)
Package: kvdefinekeys 2011/04/07 v1.3 Define keys (HO)
Package: pdftexcmds 2011/11/29 v0.20 Utility functions of pdfTeX for LuaTeX (HO
)
Package pdftexcmds Info: LuaTeX not detected.
Package pdftexcmds Info: \pdf@primitive is available.
Package pdftexcmds Info: \pdf@ifprimitive is available.
Package pdftexcmds Info: \pdfdraftmode found.
Package: pdfescape 2011/11/25 v1.13 Implements pdfTeX's escape features (HO)
Package: bigintcalc 2012/04/08 v1.3 Expandable calculations on big integers (HO
)
Package: bitset 2011/01/30 v1.1 Handle bit-vector datatype (HO)
Package: uniquecounter 2011/01/30 v1.2 Provide unlimited unique counter (HO)
)
Package hobsub Info: Skipping package `hobsub' (already loaded).
Package: letltxmacro 2010/09/02 v1.4 Let assignment for LaTeX macros (HO)
Package: hopatch 2012/05/28 v1.2 Wrapper for package hooks (HO)
Package: xcolor-patch 2011/01/30 xcolor patch
Package: atveryend 2011/06/30 v1.8 Hooks at the very end of document (HO)
Package atveryend Info: \enddocument detected (standard20110627).
Package: atbegshi 2011/10/05 v1.16 At begin shipout hook (HO)
Package: refcount 2011/10/16 v3.4 Data extraction from label references (HO)
Package: hycolor 2011/01/30 v1.7 Color options for hyperref/bookmark (HO)
) (/usr/share/texmf-dist/tex/generic/ifxetex/ifxetex.sty
Package: ifxetex 2010/09/12 v0.6 Provides ifxetex conditional
) (/usr/share/texmf-dist/tex/latex/oberdiek/kvoptions.sty
Package: kvoptions 2011/06/30 v3.11 Key value format for package options (HO)
)
\@linkdim=\dimen122
\Hy@linkcounter=\count111
\Hy@pagecounter=\count112
(/usr/share/texmf-dist/tex/latex/hyperref/pd1enc.def
File: pd1enc.def 2012/05/13 v6.82q Hyperref: PDFDocEncoding definition (HO)
)
\Hy@SavedSpaceFactor=\count113
(/usr/share/texmf-dist/tex/latex/latexconfig/hyperref.cfg
File: hyperref.cfg 2002/06/06 v1.2 hyperref configuration of TeXLive
)
Package hyperref Info: Option `colorlinks' set `true' on input line 3941.
Package hyperref Info: Hyper figures OFF on input line 4062.
Package hyperref Info: Link nesting OFF on input line 4067.
Package hyperref Info: Hyper index ON on input line 4070.
Package hyperref Info: Plain pages OFF on input line 4077.
Package hyperref Info: Backreferencing OFF on input line 4082.
Package hyperref Info: Implicit mode ON; LaTeX internals redefined.
Package hyperref Info: Bookmarks ON on input line 4300.
\c@Hy@tempcnt=\count114
(/usr/share/texmf-dist/tex/latex/url/url.sty
\Urlmuskip=\muskip11
Package: url 2006/04/12  ver 3.3  Verb mode for urls, etc.
)
LaTeX Info: Redefining \url on input line 4653.
\Fld@menulength=\count115
\Field@Width=\dimen123
\Fld@charsize=\dimen124
Package hyperref Info: Hyper figures OFF on input line 5773.
Package hyperref Info: Link nesting OFF on input line 5778.
Package hyperref Info: Hyper index ON on input line 5781.
Package hyperref Info: backreferencing OFF on input line 5788.
Package hyperref Info: Link coloring ON on input line 5791.
Package hyperref Info: Link coloring with OCG OFF on input line 5798.
Package hyperref Info: PDF/A mode OFF on input line 5803.
LaTeX Info: Redefining \ref on input line 5843.
LaTeX Info: Redefining \pageref on input line 5847.
\Hy@abspage=\count116
\c@Item=\count117
\c@Hfootnote=\count118
)

Package hyperref Message: Driver (autodetected): hpdftex.

(/usr/share/texmf-dist/tex/latex/hyperref/hpdftex.def
File: hpdftex.def 2012/05/13 v6.82q Hyperref driver for pdfTeX
\Fld@listcount=\count119
\c@bookmark@seq@number=\count120
(/usr/share/texmf-dist/tex/latex/oberdiek/rerunfilecheck.sty
Package: rerunfilecheck 2011/04/15 v1.7 Rerun checks for auxiliary files (HO)
Package uniquecounter Info: New unique counter `rerunfilecheck' on input line 2
82.
)
\Hy@SectionHShift=\skip53
) (./synmut.aux)
\openout1 = `synmut.aux'.

LaTeX Font Info:    Checking defaults for OML/cmm/m/it on input line 42.
LaTeX Font Info:    ... okay on input line 42.
LaTeX Font Info:    Checking defaults for T1/cmr/m/n on input line 42.
LaTeX Font Info:    ... okay on input line 42.
LaTeX Font Info:    Checking defaults for OT1/cmr/m/n on input line 42.
LaTeX Font Info:    ... okay on input line 42.
LaTeX Font Info:    Checking defaults for OMS/pzccm/m/n on input line 42.
LaTeX Font Info:    Try loading font information for OMS+pzccm on input line 42
.
(/usr/share/texmf-dist/tex/latex/psnfss/omspzccm.fd
File: omspzccm.fd 2000/01/03 Fontinst v1.801 font definitions for OMS/pzccm.
)
LaTeX Font Info:    ... okay on input line 42.
LaTeX Font Info:    Checking defaults for OMX/cmex/m/n on input line 42.
LaTeX Font Info:    ... okay on input line 42.
LaTeX Font Info:    Checking defaults for U/cmr/m/n on input line 42.
LaTeX Font Info:    ... okay on input line 42.
LaTeX Font Info:    Checking defaults for PD1/pdf/m/n on input line 42.
LaTeX Font Info:    ... okay on input line 42.
(/usr/share/texmf-dist/tex/latex/ucs/ucsencs.def
File: ucsencs.def 2011/01/21 Fixes to fontencodings LGR, T3
) (/usr/share/texmf-dist/tex/context/base/supp-pdf.mkii
[Loading MPS to PDF converter (version 2006.09.02).]
\scratchcounter=\count121
\scratchdimen=\dimen125
\scratchbox=\box29
\nofMPsegments=\count122
\nofMParguments=\count123
\everyMPshowfont=\toks25
\MPscratchCnt=\count124
\MPscratchDim=\dimen126
\MPnumerator=\count125
\makeMPintoPDFobject=\count126
\everyMPtoPDFconversion=\toks26
)
Package caption Info: Begin \AtBeginDocument code.
Package caption Info: subfig package v1.3 is loaded.
Package caption Info: hyperref package is loaded.
Package caption Info: End \AtBeginDocument code.
(/usr/share/texmf-dist/tex/latex/oberdiek/epstopdf-base.sty
Package: epstopdf-base 2010/02/09 v2.5 Base part for package epstopdf
(/usr/share/texmf-dist/tex/latex/oberdiek/grfext.sty
Package: grfext 2010/08/19 v1.1 Manage graphics extensions (HO)
)
Package grfext Info: Graphics extension search list:
(grfext)             [.png,.pdf,.jpg,.mps,.jpeg,.jbig2,.jb2,.PNG,.PDF,.JPG,.JPE
G,.JBIG2,.JB2,.eps]
(grfext)             \AppendGraphicsExtensions on input line 452.
(/usr/share/texmf-dist/tex/latex/latexconfig/epstopdf-sys.cfg
File: epstopdf-sys.cfg 2010/07/13 v1.3 Configuration of (r)epstopdf for TeX Liv
e
))
\AtBeginShipoutBox=\box30
Package hyperref Info: Link coloring ON on input line 42.
(/usr/share/texmf-dist/tex/latex/hyperref/nameref.sty
Package: nameref 2010/04/30 v2.40 Cross-referencing by name of section
(/usr/share/texmf-dist/tex/generic/oberdiek/gettitlestring.sty
Package: gettitlestring 2010/12/03 v1.4 Cleanup title references (HO)
)
\c@section@level=\count127
)
LaTeX Info: Redefining \ref on input line 42.
LaTeX Info: Redefining \pageref on input line 42.
LaTeX Info: Redefining \nameref on input line 42.
(./synmut.out) (./synmut.out)
\@outlinefile=\write3
\openout3 = `synmut.out'.

LaTeX Font Info:    Try loading font information for OT1+ptmcm on input line 45
.
(/usr/share/texmf-dist/tex/latex/psnfss/ot1ptmcm.fd
File: ot1ptmcm.fd 2000/01/03 Fontinst v1.801 font definitions for OT1/ptmcm.
)
LaTeX Font Info:    Try loading font information for OML+ptmcm on input line 45
.
(/usr/share/texmf-dist/tex/latex/psnfss/omlptmcm.fd
File: omlptmcm.fd 2000/01/03 Fontinst v1.801 font definitions for OML/ptmcm.
)
LaTeX Font Info:    Try loading font information for OMX+psycm on input line 45
.
(/usr/share/texmf-dist/tex/latex/psnfss/omxpsycm.fd
File: omxpsycm.fd 2000/01/03 Fontinst v1.801 font definitions for OMX/psycm.
)
LaTeX Font Info:    Try loading font information for U+msa on input line 45.
(/usr/share/texmf-dist/tex/latex/amsfonts/umsa.fd
File: umsa.fd 2009/06/22 v3.00 AMS symbols A
)
LaTeX Font Info:    Try loading font information for U+msb on input line 45.
(/usr/share/texmf-dist/tex/latex/amsfonts/umsb.fd
File: umsb.fd 2009/06/22 v3.00 AMS symbols B
)
LaTeX Font Info:    Font shape `OT1/ptm/bx/n' in size <14.4> not available
(Font)              Font shape `OT1/ptm/b/n' tried instead on input line 45.
LaTeX Font Info:    Font shape `OT1/ptm/bx/n' in size <10.95> not available
(Font)              Font shape `OT1/ptm/b/n' tried instead on input line 45.
LaTeX Font Info:    Font shape `OT1/ptm/bx/n' in size <8> not available
(Font)              Font shape `OT1/ptm/b/n' tried instead on input line 45.
LaTeX Font Info:    Font shape `OT1/ptm/bx/n' in size <6> not available
(Font)              Font shape `OT1/ptm/b/n' tried instead on input line 56.
LaTeX Font Info:    Font shape `OT1/ptm/bx/n' in size <17.28> not available
(Font)              Font shape `OT1/ptm/b/n' tried instead on input line 65.
LaTeX Font Info:    Font shape `OT1/ptm/bx/n' in size <12> not available
(Font)              Font shape `OT1/ptm/b/n' tried instead on input line 79.
LaTeX Font Info:    Font shape `OT1/ptm/bx/n' in size <9> not available
(Font)              Font shape `OT1/ptm/b/n' tried instead on input line 79.
LaTeX Font Info:    Font shape `OT1/ptm/bx/n' in size <7> not available
(Font)              Font shape `OT1/ptm/b/n' tried instead on input line 79.
[1

{/var/lib/texmf/fonts/map/pdftex/updmap/pdftex.map}]
<./figures/Shankarappa_allele_freqs_trajectories_syn_nonsynp8.png, id=64, 990.0
99pt x 652.5981pt>
File: ./figures/Shankarappa_allele_freqs_trajectories_syn_nonsynp8.png Graphic 
file (type png)
<use ./figures/Shankarappa_allele_freqs_trajectories_syn_nonsynp8.png>
Package pdftex.def Info: ./figures/Shankarappa_allele_freqs_trajectories_syn_no
nsynp8.png used on input line 138.
(pdftex.def)             Requested size: 390.0pt x 257.05147pt.
LaTeX Font Info:    Font shape `OT1/phv/m/n' will be
(Font)              scaled to size 9.85492pt on input line 142.
LaTeX Font Info:    Font shape `OT1/phv/bx/n' in size <10.95> not available
(Font)              Font shape `OT1/phv/b/n' tried instead on input line 142.
LaTeX Font Info:    Font shape `OT1/phv/b/n' will be
(Font)              scaled to size 9.85492pt on input line 142.
[2]
<./figures/Bunnik2008_fixmid_syn_ShankanonShanka.pdf, id=83, 578.16pt x 433.62p
t>
File: ./figures/Bunnik2008_fixmid_syn_ShankanonShanka.pdf Graphic file (type pd
f)
<use ./figures/Bunnik2008_fixmid_syn_ShankanonShanka.pdf>
Package pdftex.def Info: ./figures/Bunnik2008_fixmid_syn_ShankanonShanka.pdf us
ed on input line 150.
(pdftex.def)             Requested size: 191.10214pt x 143.32661pt.
<./figures/Shankarappa_fixmid_syn_V_regions.pdf, id=84, 578.16pt x 433.62pt>
File: ./figures/Shankarappa_fixmid_syn_V_regions.pdf Graphic file (type pdf)
<use ./figures/Shankarappa_fixmid_syn_V_regions.pdf>
Package pdftex.def Info: ./figures/Shankarappa_fixmid_syn_V_regions.pdf used on
 input line 151.
(pdftex.def)             Requested size: 191.10214pt x 143.32661pt.
<./figures/Shankarappa_fix_loss_dt_times.pdf, id=93, 578.16pt x 433.62pt>
File: ./figures/Shankarappa_fix_loss_dt_times.pdf Graphic file (type pdf)
<use ./figures/Shankarappa_fix_loss_dt_times.pdf>
Package pdftex.def Info: ./figures/Shankarappa_fix_loss_dt_times.pdf used on in
put line 164.
(pdftex.def)             Requested size: 390.0pt x 292.4956pt.

<./figures/mixed_Shankarappa_Bunnik2008_Liu_fixation_reactivity_Vandflanking_fr
omSHAPE.pdf, id=94, 578.16pt x 433.62pt>
File: ./figures/mixed_Shankarappa_Bunnik2008_Liu_fixation_reactivity_Vandflanki
ng_fromSHAPE.pdf Graphic file (type pdf)

<use ./figures/mixed_Shankarappa_Bunnik2008_Liu_fixation_reactivity_Vandflankin
g_fromSHAPE.pdf>
Package pdftex.def Info: ./figures/mixed_Shankarappa_Bunnik2008_Liu_fixation_re
activity_Vandflanking_fromSHAPE.pdf used on input line 176.
(pdftex.def)             Requested size: 191.10214pt x 143.32661pt.

<./figures/mixed_Shankarappa_Bunnik2008_Liu_fixation_reactivity_nonVandflanking
.pdf, id=95, 578.16pt x 433.62pt>
File: ./figures/mixed_Shankarappa_Bunnik2008_Liu_fixation_reactivity_nonVandfla
nking.pdf Graphic file (type pdf)

<use ./figures/mixed_Shankarappa_Bunnik2008_Liu_fixation_reactivity_nonVandflan
king.pdf>
Package pdftex.def Info: ./figures/mixed_Shankarappa_Bunnik2008_Liu_fixation_re
activity_nonVandflanking.pdf used on input line 177.
(pdftex.def)             Requested size: 191.10214pt x 143.32661pt.

<./figures/fixation_probability_shortgenome_N_1e4_epitopes_example_longer.pdf, 
id=112, 650.43pt x 505.89pt>
File: ./figures/fixation_probability_shortgenome_N_1e4_epitopes_example_longer.
pdf Graphic file (type pdf)

<use ./figures/fixation_probability_shortgenome_N_1e4_epitopes_example_longer.p
df>
Package pdftex.def Info: ./figures/fixation_probability_shortgenome_N_1e4_epito
pes_example_longer.pdf used on input line 205.
(pdftex.def)             Requested size: 191.10214pt x 148.63414pt.

<./figures/fixation_probability_N_1e4_3ingredients_3rddel_envnonenv_stopall.pdf
, id=113, 609.78046pt x 614.295pt>
File: ./figures/fixation_probability_N_1e4_3ingredients_3rddel_envnonenv_stopal
l.pdf Graphic file (type pdf)

<use ./figures/fixation_probability_N_1e4_3ingredients_3rddel_envnonenv_stopall
.pdf>
Package pdftex.def Info: ./figures/fixation_probability_N_1e4_3ingredients_3rdd
el_envnonenv_stopall.pdf used on input line 206.
(pdftex.def)             Requested size: 191.10214pt x 192.51973pt.

<./figures/fixation_loss_shortgenome_area_ada_frac_del_eff_coi_0_01_nescepi_6_h
eat.pdf, id=114, 642.4pt x 292.05519pt>
File: ./figures/fixation_loss_shortgenome_area_ada_frac_del_eff_coi_0_01_nescep
i_6_heat.pdf Graphic file (type pdf)

<use ./figures/fixation_loss_shortgenome_area_ada_frac_del_eff_coi_0_01_nescepi
_6_heat.pdf>
Package pdftex.def Info: ./figures/fixation_loss_shortgenome_area_ada_frac_del_
eff_coi_0_01_nescepi_6_heat.pdf used on input line 216.
(pdftex.def)             Requested size: 191.10214pt x 86.88193pt.

<./figures/fixation_loss_shortgenome_area_ada_frac_del_eff_coi_0_01_nescepi_6_n
onsyn_heat.pdf, id=115, 642.4pt x 292.05519pt>
File: ./figures/fixation_loss_shortgenome_area_ada_frac_del_eff_coi_0_01_nescep
i_6_nonsyn_heat.pdf Graphic file (type pdf)

<use ./figures/fixation_loss_shortgenome_area_ada_frac_del_eff_coi_0_01_nescepi
_6_nonsyn_heat.pdf>
Package pdftex.def Info: ./figures/fixation_loss_shortgenome_area_ada_frac_del_
eff_coi_0_01_nescepi_6_nonsyn_heat.pdf used on input line 217.
(pdftex.def)             Requested size: 191.10214pt x 86.88193pt.
(./synmut.bbl [3 <./figures/Shankarappa_allele_freqs_trajectories_syn_nonsynp8.
png>] [4 <./figures/Bunnik2008_fixmid_syn_ShankanonShanka.pdf> <./figures/Shank
arappa_fixmid_syn_V_regions.pdf

pdfTeX warning: pdflatex (file ./figures/Shankarappa_fixmid_syn_V_regions.pdf):
 PDF inclusion: multiple pdfs with page group included in a single page
>] [5 <./figures/Shankarappa_fix_loss_dt_times.pdf>] [6 <./figures/mixed_Shanka
rappa_Bunnik2008_Liu_fixation_reactivity_Vandflanking_fromSHAPE.pdf> <./figures
/mixed_Shankarappa_Bunnik2008_Liu_fixation_reactivity_nonVandflanking.pdf

pdfTeX warning: pdflatex (file ./figures/mixed_Shankarappa_Bunnik2008_Liu_fixat
ion_reactivity_nonVandflanking.pdf): PDF inclusion: multiple pdfs with page gro
up included in a single page
>] [7 <./figures/fixation_probability_shortgenome_N_1e4_epitopes_example_longer
.pdf> <./figures/fixation_probability_N_1e4_3ingredients_3rddel_envnonenv_stopa
ll.pdf

pdfTeX warning: pdflatex (file ./figures/fixation_probability_N_1e4_3ingredient
s_3rddel_envnonenv_stopall.pdf): PDF inclusion: multiple pdfs with page group i
ncluded in a single page
> <./figures/fixation_loss_shortgenome_area_ada_frac_del_eff_coi_0_01_nescepi_6
_heat.pdf

pdfTeX warning: pdflatex (file ./figures/fixation_loss_shortgenome_area_ada_fra
c_del_eff_coi_0_01_nescepi_6_heat.pdf): PDF inclusion: multiple pdfs with page 
group included in a single page
> <./figures/fixation_loss_shortgenome_area_ada_frac_del_eff_coi_0_01_nescepi_6
_nonsyn_heat.pdf

pdfTeX warning: pdflatex (file ./figures/fixation_loss_shortgenome_area_ada_fra
c_del_eff_coi_0_01_nescepi_6_nonsyn_heat.pdf): PDF inclusion: multiple pdfs wit
h page group included in a single page
>] (/usr/share/texmf-dist/tex/latex/ucs/data/uni-32.def
File: uni-32.def 2012/04/20 UCS: Unicode data U+2000..U+20FF
)
LaTeX Font Info:    Font shape `OT1/ptm/bx/n' in size <5> not available
(Font)              Font shape `OT1/ptm/b/n' tried instead on input line 75.
)
Package atveryend Info: Empty hook `BeforeClearDocument' on input line 240.
[8]
Package atveryend Info: Empty hook `AfterLastShipout' on input line 240.
(./synmut.aux)
Package atveryend Info: Executing hook `AtVeryEndDocument' on input line 240.
Package atveryend Info: Executing hook `AtEndAfterFileList' on input line 240.
Package rerunfilecheck Info: File `synmut.out' has not changed.
(rerunfilecheck)             Checksum: 01739B3027FA53CD7E63BDA39599BB37;176.
Package atveryend Info: Empty hook `AtVeryVeryEnd' on input line 240.
 ) 
Here is how much of TeX's memory you used:
 8584 strings out of 493488
 128513 string characters out of 3146891
 227207 words of memory out of 3000000
 11688 multiletter control sequences out of 15000+200000
 54855 words of font info for 116 fonts, out of 3000000 for 9000
 957 hyphenation exceptions out of 8191
 44i,7n,46p,924b,466s stack positions out of 5000i,500n,10000p,200000b,50000s
{/usr/share/texmf-dist/fonts/enc/dvips/base/8r.enc}</usr/share/texmf-dist/fon
ts/type1/public/amsfonts/cm/cmmi10.pfb></usr/share/texmf-dist/fonts/type1/publi
c/amsfonts/cm/cmsy10.pfb></usr/share/texmf-dist/fonts/type1/urw/helvetic/uhvb8a
.pfb></usr/share/texmf-dist/fonts/type1/urw/times/utmb8a.pfb></usr/share/texmf-
dist/fonts/type1/urw/times/utmr8a.pfb></usr/share/texmf-dist/fonts/type1/urw/ti
mes/utmri8a.pfb>
Output written on synmut.pdf (8 pages, 1099291 bytes).
PDF statistics:
 2325 PDF objects out of 2487 (max. 8388607)
 1565 compressed objects within 16 object streams
 42 named destinations out of 1000 (max. 500000)
 83 words of extra memory for PDF output out of 10000 (max. 10000000)

